<?xml version="1.0" encoding="UTF-8"?>
<!-- Generated by org.testng.reporters.JUnitReportReporter -->
<testsuite skipped="0" hostname="DESKTOP-14MM4N7" name="test.q2test" tests="1" failures="0" timestamp="2020-07-16T16:55:09 CDT" time="9.570" errors="0">
  <testcase name="ValidateSingleItemRemoved" time="9.570" classname="test.q2test"/>
  <system-out/>
</testsuite> <!-- test.q2test -->
