<?xml version="1.0" encoding="UTF-8"?>
<!-- Generated by org.testng.reporters.JUnitReportReporter -->
<testsuite skipped="0" hostname="DESKTOP-14MM4N7" name="test.q3test" tests="1" failures="0" timestamp="2020-07-16T17:10:19 CDT" time="9.687" errors="0">
  <testcase name="ValidateAllListItemREmoved" time="9.687" classname="test.q3test"/>
  <system-out/>
</testsuite> <!-- test.q3test -->
