<?xml version="1.0" encoding="UTF-8"?>
<!-- Generated by org.testng.reporters.JUnitReportReporter -->
<testsuite skipped="0" hostname="DESKTOP-14MM4N7" name="test.q6test" tests="1" failures="0" timestamp="2020-07-16T23:21:57 CDT" time="7.231" errors="0">
  <testcase name="validMonth" time="7.231" classname="test.q6test"/>
  <system-out/>
</testsuite> <!-- test.q6test -->
