<?xml version="1.0" encoding="UTF-8"?>
<!-- Generated by org.testng.reporters.JUnitReportReporter -->
<testsuite skipped="0" hostname="DESKTOP-14MM4N7" name="test.q1test" tests="1" failures="0" timestamp="2020-07-16T16:54:26 CDT" time="7.001" errors="0">
  <testcase name="ValidatetoggleallcheckboxCHECKED" time="7.001" classname="test.q1test"/>
  <system-out/>
</testsuite> <!-- test.q1test -->
